<?xml version="1.0" encoding="UTF-8"?>
<testsuite xmlns:xsi="http://www.w3.org/2001/XMLSchema-instance" xsi:noNamespaceSchemaLocation="https://maven.apache.org/surefire/maven-surefire-plugin/xsd/surefire-test-report-3.0.xsd" version="3.0" name="com.patientmicroservice.patientservice.controller.PatientControllerTest" time="0.176" tests="3" errors="0" skipped="0" failures="0">
  <properties>
[...]
</properties>
  <testcase name="testGetPatientById" classname="com.patientmicroservice.patientservice.controller.PatientControllerTest" time="0.154">
    <system-out><![CDATA[2025-01-13T23:23:07.711+01:00  INFO 35378 --- [patient-service] [           main] o.s.mock.web.MockServletContext          : Initializing Spring TestDispatcherServlet ''
2025-01-13T23:23:07.711+01:00  INFO 35378 --- [patient-service] [           main] o.s.t.web.servlet.TestDispatcherServlet  : Initializing Servlet ''
2025-01-13T23:23:07.712+01:00  INFO 35378 --- [patient-service] [           main] o.s.t.web.servlet.TestDispatcherServlet  : Completed initialization in 0 ms
]]></system-out>
  </testcase>
  <testcase name="testAddPatient" classname="com.patientmicroservice.patientservice.controller.PatientControllerTest" time="0.012">
    <system-out><![CDATA[2025-01-13T23:23:07.782+01:00  INFO 35378 --- [patient-service] [           main] o.s.mock.web.MockServletContext          : Initializing Spring TestDispatcherServlet ''
2025-01-13T23:23:07.782+01:00  INFO 35378 --- [patient-service] [           main] o.s.t.web.servlet.TestDispatcherServlet  : Initializing Servlet ''
2025-01-13T23:23:07.782+01:00  INFO 35378 --- [patient-service] [           main] o.s.t.web.servlet.TestDispatcherServlet  : Completed initialization in 0 ms
]]></system-out>
  </testcase>
  <testcase name="testShowAddPatientForm" classname="com.patientmicroservice.patientservice.controller.PatientControllerTest" time="0.006">
    <system-out><![CDATA[2025-01-13T23:23:07.794+01:00  INFO 35378 --- [patient-service] [           main] o.s.mock.web.MockServletContext          : Initializing Spring TestDispatcherServlet ''
2025-01-13T23:23:07.794+01:00  INFO 35378 --- [patient-service] [           main] o.s.t.web.servlet.TestDispatcherServlet  : Initializing Servlet ''
2025-01-13T23:23:07.794+01:00  INFO 35378 --- [patient-service] [           main] o.s.t.web.servlet.TestDispatcherServlet  : Completed initialization in 0 ms
]]></system-out>
  </testcase>
</testsuite>